[0.000][INFO]:      ChromeDriver 23.0.1240.0 /Users/maxfilipovich/Downloads/chromedriver
[0.235][FINE]:      Initializing session with capabilities {
   "browserName": "chrome",
   "chrome.detach": true,
   "chromeOptions": {
      "detach": true
   },
   "cssSelectorsEnabled": true,
   "javascriptEnabled": true,
   "nativeEvents": false,
   "platform": "ANY",
   "rotatable": false,
   "takesScreenshot": false,
   "version": ""
}

[0.236][INFO]:      Using named testing interface
[1.395][INFO]:      Connected to Chrome successfully. Version: 22.0.1229.94
[1.406][FINE]:      Command received (/session/71792c32b0a85be2df55a90488dcf00b)
[1.406][FINE]:      Command finished (/session/71792c32b0a85be2df55a90488dcf00b) with response {
   "sessionId": "71792c32b0a85be2df55a90488dcf00b",
   "status": 0,
   "value": {
      "acceptSslCerts": false,
      "applicationCacheEnabled": false,
      "browserConnectionEnabled": false,
      "browserName": "chrome",
      "chrome.chromedriverVersion": "23.0.1240.0",
      "chrome.nativeEvents": false,
      "cssSelectorsEnabled": true,
      "databaseEnabled": false,
      "handlesAlerts": true,
      "javascriptEnabled": true,
      "locationContextEnabled": false,
      "nativeEvents": true,
      "platform": "mac",
      "rotatable": false,
      "takesScreenshot": true,
      "version": "22.0.1229.94",
      "webStorageEnabled": true
   }
}

[1.451][FINE]:      Command received (/session/71792c32b0a85be2df55a90488dcf00b/url) with params {
   "url": "http://amazon.com"
}

[1.451][FINER]:     Waiting for all views to stop loading...
[1.451][FINER]:     Done waiting for all views to stop loading
[3.835][FINER]:     Waiting for all views to stop loading...
[3.842][FINER]:     Done waiting for all views to stop loading
[3.842][FINE]:      Command finished (/session/71792c32b0a85be2df55a90488dcf00b/url) with response {
   "sessionId": "71792c32b0a85be2df55a90488dcf00b",
   "status": 0,
   "value": {

   }
}

[3.848][FINE]:      Command received (/session/71792c32b0a85be2df55a90488dcf00b/url)
[3.848][FINER]:     Waiting for all views to stop loading...
[3.857][FINER]:     Done waiting for all views to stop loading
[3.880][FINER]:     Waiting for all views to stop loading...
